2025-09-21 17:46:58,271 - INFO - Using device: cpu
2025-09-21 17:46:58,323 - INFO - ================================================================================
2025-09-21 17:46:58,323 - INFO - Configuration: {
  "text_model": "distilbert-base-uncased",
  "d_model": 512,
  "n_heads": 8,
  "n_layers": 6,
  "temporal_dim": 64,
  "behavioral_dim": 128,
  "bert_lr": 2e-05,
  "lr": 0.001,
  "weight_decay": 0.01,
  "patience": 10,
  "max_seq_length": 512,
  "max_conversation_length": 50,
  "batch_size": 8
}
2025-09-21 17:46:58,323 - INFO - ================================================================================
2025-09-21 17:47:58,711 - INFO - Using device: cpu
2025-09-21 17:47:58,713 - INFO - ================================================================================
2025-09-21 17:47:58,714 - INFO - Configuration: {
  "text_model": "distilbert-base-uncased",
  "d_model": 768,
  "n_heads": 12,
  "n_layers": 6,
  "temporal_dim": 64,
  "behavioral_dim": 128,
  "bert_lr": 2e-05,
  "lr": 0.001,
  "weight_decay": 0.01,
  "patience": 10,
  "max_seq_length": 512,
  "max_conversation_length": 50,
  "batch_size": 4
}
2025-09-21 17:47:58,714 - INFO - ================================================================================
2025-09-21 17:47:59,432 - INFO -   Total parameters: 108,270,996
2025-09-21 17:47:59,433 - INFO -   Trainable parameters: 108,270,996
2025-09-21 17:48:02,296 - INFO - Loading 3909 conversation files
2025-09-21 17:48:03,594 - INFO - Loaded 26329 turns from 3909 conversations
2025-09-21 17:48:03,607 - INFO - Loaded 26329 total turns, 12569 agent turns with trust scores
2025-09-21 17:48:12,403 - INFO - Emotions: 7
2025-09-21 17:48:12,403 - INFO - Scenarios: 35
2025-09-21 17:48:12,403 - INFO - Models: 23
2025-09-21 17:48:12,409 - INFO - Dataset created with 3127 valid conversations
2025-09-21 17:48:12,410 - INFO - Dataset created with 782 valid conversations
2025-09-21 17:49:34,065 - INFO - Using device: cpu
2025-09-21 17:49:34,067 - INFO - ================================================================================
2025-09-21 17:49:34,069 - INFO - Configuration: {
  "text_model": "distilbert-base-uncased",
  "d_model": 768,
  "n_heads": 12,
  "n_layers": 6,
  "temporal_dim": 64,
  "behavioral_dim": 128,
  "bert_lr": 2e-05,
  "lr": 0.001,
  "weight_decay": 0.01,
  "patience": 10,
  "max_seq_length": 512,
  "max_conversation_length": 50,
  "batch_size": 2
}
2025-09-21 17:49:34,069 - INFO - ================================================================================
2025-09-21 17:49:34,846 - INFO -   Total parameters: 108,270,996
2025-09-21 17:49:34,846 - INFO -   Trainable parameters: 108,270,996
2025-09-21 17:49:36,515 - INFO - Loading 3909 conversation files
2025-09-21 17:49:37,298 - INFO - Loaded 26329 turns from 3909 conversations
2025-09-21 17:49:37,308 - INFO - Loaded 26329 total turns, 12569 agent turns with trust scores
2025-09-21 17:49:46,255 - INFO - Emotions: 7
2025-09-21 17:49:46,256 - INFO - Scenarios: 35
2025-09-21 17:49:46,256 - INFO - Models: 23
2025-09-21 17:49:46,260 - INFO - Dataset created with 3127 valid conversations
2025-09-21 17:49:46,260 - INFO - Dataset created with 782 valid conversations
2025-09-21 17:50:02,354 - INFO - Using device: cpu
2025-09-21 17:50:02,356 - INFO - ================================================================================
2025-09-21 17:50:02,356 - INFO - Configuration: {
  "text_model": "distilbert-base-uncased",
  "d_model": 768,
  "n_heads": 12,
  "n_layers": 6,
  "temporal_dim": 64,
  "behavioral_dim": 128,
  "bert_lr": 2e-05,
  "lr": 0.001,
  "weight_decay": 0.01,
  "patience": 10,
  "max_seq_length": 512,
  "max_conversation_length": 50,
  "batch_size": 2
}
2025-09-21 17:50:02,356 - INFO - ================================================================================
2025-09-21 17:50:03,105 - INFO -   Total parameters: 108,270,996
2025-09-21 17:50:03,105 - INFO -   Trainable parameters: 108,270,996
2025-09-21 17:50:05,211 - INFO - Loading 3909 conversation files
2025-09-21 17:50:05,954 - INFO - Loaded 26329 turns from 3909 conversations
2025-09-21 17:50:05,961 - INFO - Loaded 26329 total turns, 12569 agent turns with trust scores
2025-09-21 17:50:15,238 - INFO - Emotions: 7
2025-09-21 17:50:15,239 - INFO - Scenarios: 35
2025-09-21 17:50:15,239 - INFO - Models: 23
2025-09-21 17:50:15,245 - INFO - Dataset created with 3127 valid conversations
2025-09-21 17:50:15,245 - INFO - Dataset created with 782 valid conversations
2025-09-21 17:51:39,021 - INFO - Using device: cpu
2025-09-21 17:51:39,024 - INFO - ================================================================================
2025-09-21 17:51:39,024 - INFO - Configuration: {
  "text_model": "distilbert-base-uncased",
  "d_model": 768,
  "n_heads": 12,
  "n_layers": 6,
  "temporal_dim": 64,
  "behavioral_dim": 128,
  "bert_lr": 2e-05,
  "lr": 0.001,
  "weight_decay": 0.01,
  "patience": 10,
  "max_seq_length": 512,
  "max_conversation_length": 50,
  "batch_size": 2
}
2025-09-21 17:51:39,024 - INFO - ================================================================================
2025-09-21 17:51:39,595 - INFO -   Total parameters: 108,270,996
2025-09-21 17:51:39,596 - INFO -   Trainable parameters: 108,270,996
2025-09-21 17:51:41,262 - INFO - Loading 3909 conversation files
2025-09-21 17:51:42,033 - INFO - Loaded 26329 turns from 3909 conversations
2025-09-21 17:51:42,041 - INFO - Loaded 26329 total turns, 12569 agent turns with trust scores
2025-09-21 17:51:51,304 - INFO - Emotions: 7
2025-09-21 17:51:51,304 - INFO - Scenarios: 35
2025-09-21 17:51:51,305 - INFO - Models: 23
2025-09-21 17:51:51,310 - INFO - Dataset created with 3127 valid conversations
2025-09-21 17:51:51,310 - INFO - Dataset created with 782 valid conversations
2025-09-21 17:52:58,125 - INFO - Using device: cpu
2025-09-21 17:52:58,127 - INFO - ================================================================================
2025-09-21 17:52:58,127 - INFO - Configuration: {
  "text_model": "distilbert-base-uncased",
  "d_model": 768,
  "n_heads": 12,
  "n_layers": 6,
  "temporal_dim": 64,
  "behavioral_dim": 128,
  "bert_lr": 2e-05,
  "lr": 0.001,
  "weight_decay": 0.01,
  "patience": 10,
  "max_seq_length": 512,
  "max_conversation_length": 50,
  "batch_size": 2
}
2025-09-21 17:52:58,127 - INFO - ================================================================================
2025-09-21 17:52:58,730 - INFO -   Total parameters: 108,270,996
2025-09-21 17:52:58,730 - INFO -   Trainable parameters: 108,270,996
2025-09-21 17:53:00,428 - INFO - Loading 3909 conversation files
2025-09-21 17:53:01,094 - INFO - Loaded 26329 turns from 3909 conversations
2025-09-21 17:53:01,103 - INFO - Loaded 26329 total turns, 12569 agent turns with trust scores
2025-09-21 17:53:10,910 - INFO - Emotions: 7
2025-09-21 17:53:10,910 - INFO - Scenarios: 35
2025-09-21 17:53:10,910 - INFO - Models: 23
2025-09-21 17:53:10,918 - INFO - Dataset created with 3127 valid conversations
2025-09-21 17:53:10,919 - INFO - Dataset created with 782 valid conversations
2025-09-21 17:53:12,491 - INFO -   Trust scores: 4.38 ± 1.95
2025-09-21 17:53:12,491 - INFO -   Avg conversation length: 6.8
2025-09-21 17:53:12,491 - INFO - Epoch 1/3
2025-09-21 17:53:32,610 - INFO - Using device: cpu
2025-09-21 17:53:32,612 - INFO - ================================================================================
2025-09-21 17:53:32,612 - INFO - Configuration: {
  "text_model": "distilbert-base-uncased",
  "d_model": 768,
  "n_heads": 12,
  "n_layers": 6,
  "temporal_dim": 64,
  "behavioral_dim": 128,
  "bert_lr": 2e-05,
  "lr": 0.001,
  "weight_decay": 0.01,
  "patience": 10,
  "max_seq_length": 512,
  "max_conversation_length": 50,
  "batch_size": 2
}
2025-09-21 17:53:32,612 - INFO - ================================================================================
2025-09-21 17:53:33,230 - INFO -   Total parameters: 108,270,996
2025-09-21 17:53:33,230 - INFO -   Trainable parameters: 108,270,996
2025-09-21 17:53:34,997 - INFO - Loading 3909 conversation files
2025-09-21 17:53:35,894 - INFO - Loaded 26329 turns from 3909 conversations
2025-09-21 17:53:35,905 - INFO - Loaded 26329 total turns, 12569 agent turns with trust scores
2025-09-21 17:53:52,678 - INFO - Emotions: 7
2025-09-21 17:53:52,679 - INFO - Scenarios: 35
2025-09-21 17:53:52,679 - INFO - Models: 23
2025-09-21 17:53:52,693 - INFO - Dataset created with 3127 valid conversations
2025-09-21 17:53:52,695 - INFO - Dataset created with 782 valid conversations
2025-09-21 17:53:55,767 - INFO -   Trust scores: 4.75 ± 1.81
2025-09-21 17:53:55,767 - INFO -   Avg conversation length: 7.7
2025-09-21 17:53:55,772 - INFO - Epoch 1/2
2025-09-21 17:58:22,974 - INFO - Using device: cpu
2025-09-21 17:58:22,975 - INFO - ================================================================================
2025-09-21 17:58:22,975 - INFO - Configuration: {
  "text_model": "distilbert-base-uncased",
  "d_model": 768,
  "n_heads": 12,
  "n_layers": 6,
  "temporal_dim": 64,
  "behavioral_dim": 128,
  "bert_lr": 2e-05,
  "lr": 0.001,
  "weight_decay": 0.01,
  "patience": 10,
  "max_seq_length": 512,
  "max_conversation_length": 50,
  "batch_size": 2
}
2025-09-21 17:58:22,975 - INFO - ================================================================================
2025-09-21 17:58:23,544 - INFO -   Total parameters: 108,270,996
2025-09-21 17:58:23,544 - INFO -   Trainable parameters: 108,270,996
2025-09-21 17:58:25,158 - INFO - Loading 3909 conversation files
2025-09-21 17:58:25,769 - INFO - Loaded 26329 turns from 3909 conversations
2025-09-21 17:58:25,778 - INFO - Loaded 26329 total turns, 12569 agent turns with trust scores
2025-09-21 17:58:34,382 - INFO - Emotions: 7
2025-09-21 17:58:34,382 - INFO - Scenarios: 35
2025-09-21 17:58:34,382 - INFO - Models: 23
2025-09-21 17:58:34,387 - INFO - Dataset created with 3127 valid conversations
2025-09-21 17:58:34,388 - INFO - Dataset created with 782 valid conversations
2025-09-21 17:58:35,137 - INFO -   Trust scores: 4.22 ± 1.73
2025-09-21 17:58:35,137 - INFO -   Avg conversation length: 6.7
2025-09-21 17:58:35,139 - INFO - Epoch 1/2
2025-09-21 18:02:59,150 - INFO - Using device: cpu
2025-09-21 18:02:59,151 - INFO - Starting ConTrust Experiment
2025-09-21 18:02:59,151 - INFO - ================================================================================
2025-09-21 18:02:59,151 - INFO - Configuration: {
  "text_model": "distilbert-base-uncased",
  "d_model": 768,
  "n_heads": 12,
  "n_layers": 6,
  "temporal_dim": 64,
  "behavioral_dim": 128,
  "bert_lr": 2e-05,
  "lr": 0.001,
  "weight_decay": 0.01,
  "patience": 10,
  "max_seq_length": 512,
  "max_conversation_length": 50,
  "batch_size": 2
}
2025-09-21 18:02:59,151 - INFO - ================================================================================
2025-09-21 18:02:59,152 - INFO - Initializing ConTrust model...
2025-09-21 18:03:00,089 - INFO - Model initialized
2025-09-21 18:03:00,089 - INFO -   Total parameters: 108,270,996
2025-09-21 18:03:00,089 - INFO -   Trainable parameters: 108,270,996
2025-09-21 18:03:00,091 - INFO - Preparing conversational trust dataset...
2025-09-21 18:03:01,687 - INFO - Loading 3909 conversation files
2025-09-21 18:03:02,315 - INFO - Loaded 26329 turns from 3909 conversations
2025-09-21 18:03:02,324 - INFO - Loaded 26329 total turns, 12569 agent turns with trust scores
2025-09-21 18:03:11,158 - INFO - Encoders and scalers fitted
2025-09-21 18:03:11,159 - INFO - Emotions: 7
2025-09-21 18:03:11,159 - INFO - Scenarios: 35
2025-09-21 18:03:11,159 - INFO - Models: 23
2025-09-21 18:03:11,163 - INFO - Dataset created with 3127 valid conversations
2025-09-21 18:03:11,165 - INFO - Dataset created with 782 valid conversations
2025-09-21 18:03:11,165 - INFO - Created dataloaders: Train=3127, Val=782
2025-09-21 18:03:11,175 - INFO - Processor saved to contrust_results\contrust_processor.pkl
2025-09-21 18:03:11,175 - INFO - Data prepared: 3127 train, 782 val
2025-09-21 18:03:11,175 - INFO - Analyzing dataset characteristics...
2025-09-21 18:03:11,920 - INFO - Dataset analysis complete
2025-09-21 18:03:11,921 - INFO -   Trust scores: 4.38 ± 1.49
2025-09-21 18:03:11,921 - INFO -   Avg conversation length: 6.8
2025-09-21 18:03:11,922 - INFO - Training ConTrust model for 2 epochs...
2025-09-21 18:03:11,922 - INFO - Epoch 1/2
2025-09-21 18:05:01,263 - INFO - Using device: cpu
2025-09-21 18:05:01,263 - INFO - Starting ConTrust Experiment
2025-09-21 18:05:01,263 - INFO - ================================================================================
2025-09-21 18:05:01,263 - INFO - Configuration: {
  "text_model": "distilbert-base-uncased",
  "d_model": 768,
  "n_heads": 12,
  "n_layers": 6,
  "temporal_dim": 4,
  "behavioral_dim": 8,
  "bert_lr": 2e-05,
  "lr": 0.001,
  "weight_decay": 0.01,
  "patience": 10,
  "max_seq_length": 512,
  "max_conversation_length": 50,
  "batch_size": 2
}
2025-09-21 18:05:01,263 - INFO - ================================================================================
2025-09-21 18:05:01,264 - INFO - Initializing ConTrust model...
2025-09-21 18:05:01,919 - INFO - Model initialized
2025-09-21 18:05:01,920 - INFO -   Total parameters: 108,232,596
2025-09-21 18:05:01,920 - INFO -   Trainable parameters: 108,232,596
2025-09-21 18:05:01,921 - INFO - Preparing conversational trust dataset...
2025-09-21 18:05:04,041 - INFO - Loading 3909 conversation files
2025-09-21 18:05:05,584 - INFO - Loaded 26329 turns from 3909 conversations
2025-09-21 18:05:05,596 - INFO - Loaded 26329 total turns, 12569 agent turns with trust scores
2025-09-21 18:05:14,257 - INFO - Encoders and scalers fitted
2025-09-21 18:05:14,257 - INFO - Emotions: 7
2025-09-21 18:05:14,257 - INFO - Scenarios: 35
2025-09-21 18:05:14,257 - INFO - Models: 23
2025-09-21 18:05:14,263 - INFO - Dataset created with 3127 valid conversations
2025-09-21 18:05:14,264 - INFO - Dataset created with 782 valid conversations
2025-09-21 18:05:14,265 - INFO - Created dataloaders: Train=3127, Val=782
2025-09-21 18:05:14,287 - INFO - Processor saved to contrust_results\contrust_processor.pkl
2025-09-21 18:05:14,287 - INFO - Data prepared: 3127 train, 782 val
2025-09-21 18:05:14,287 - INFO - Analyzing dataset characteristics...
2025-09-21 18:05:15,123 - INFO - Dataset analysis complete
2025-09-21 18:05:15,124 - INFO -   Trust scores: 4.15 ± 1.42
2025-09-21 18:05:15,124 - INFO -   Avg conversation length: 6.2
2025-09-21 18:05:15,125 - INFO - Training ConTrust model for 2 epochs...
2025-09-21 18:05:15,125 - INFO - Epoch 1/2
2025-09-21 18:05:26,447 - ERROR - Experiment failed: The size of tensor a (10) must match the size of tensor b (50) at non-singleton dimension 3
2025-09-21 18:07:09,497 - INFO - Using device: cpu
2025-09-21 18:07:09,497 - INFO - Starting ConTrust Experiment
2025-09-21 18:07:09,498 - INFO - ================================================================================
2025-09-21 18:07:09,498 - INFO - Configuration: {
  "text_model": "distilbert-base-uncased",
  "d_model": 768,
  "n_heads": 12,
  "n_layers": 6,
  "temporal_dim": 4,
  "behavioral_dim": 8,
  "bert_lr": 2e-05,
  "lr": 0.001,
  "weight_decay": 0.01,
  "patience": 10,
  "max_seq_length": 512,
  "max_conversation_length": 50,
  "batch_size": 2
}
2025-09-21 18:07:09,498 - INFO - ================================================================================
2025-09-21 18:07:09,498 - INFO - Initializing ConTrust model...
2025-09-21 18:07:10,126 - INFO - Model initialized
2025-09-21 18:07:10,127 - INFO -   Total parameters: 108,232,596
2025-09-21 18:07:10,127 - INFO -   Trainable parameters: 108,232,596
2025-09-21 18:07:10,128 - INFO - Preparing conversational trust dataset...
2025-09-21 18:07:12,747 - INFO - Loading 3909 conversation files
2025-09-21 18:07:14,227 - INFO - Loaded 26329 turns from 3909 conversations
2025-09-21 18:07:14,237 - INFO - Loaded 26329 total turns, 12569 agent turns with trust scores
2025-09-21 18:07:23,234 - INFO - Encoders and scalers fitted
2025-09-21 18:07:23,235 - INFO - Emotions: 7
2025-09-21 18:07:23,235 - INFO - Scenarios: 35
2025-09-21 18:07:23,236 - INFO - Models: 23
2025-09-21 18:07:23,239 - INFO - Dataset created with 3127 valid conversations
2025-09-21 18:07:23,242 - INFO - Dataset created with 782 valid conversations
2025-09-21 18:07:23,243 - INFO - Created dataloaders: Train=3127, Val=782
2025-09-21 18:07:23,256 - INFO - Processor saved to contrust_results\contrust_processor.pkl
2025-09-21 18:07:23,256 - INFO - Data prepared: 3127 train, 782 val
2025-09-21 18:07:23,257 - INFO - Analyzing dataset characteristics...
2025-09-21 18:07:24,044 - INFO - Dataset analysis complete
2025-09-21 18:07:24,044 - INFO -   Trust scores: 4.90 ± 1.37
2025-09-21 18:07:24,044 - INFO -   Avg conversation length: 7.5
2025-09-21 18:07:24,044 - INFO - Training ConTrust model for 2 epochs...
2025-09-21 18:07:24,045 - INFO - Epoch 1/2
2025-09-21 18:07:29,418 - ERROR - Experiment failed: The size of tensor a (7) must match the size of tensor b (50) at non-singleton dimension 3
2025-09-21 18:09:13,778 - INFO - Using device: cpu
2025-09-21 18:09:13,778 - INFO - Starting ConTrust Experiment
2025-09-21 18:09:13,778 - INFO - ================================================================================
2025-09-21 18:09:13,778 - INFO - Configuration: {
  "text_model": "distilbert-base-uncased",
  "d_model": 768,
  "n_heads": 12,
  "n_layers": 6,
  "temporal_dim": 4,
  "behavioral_dim": 8,
  "bert_lr": 2e-05,
  "lr": 0.001,
  "weight_decay": 0.01,
  "patience": 10,
  "max_seq_length": 512,
  "max_conversation_length": 50,
  "batch_size": 2
}
2025-09-21 18:09:13,780 - INFO - ================================================================================
2025-09-21 18:09:13,780 - INFO - Initializing ConTrust model...
2025-09-21 18:09:14,404 - INFO - Model initialized
2025-09-21 18:09:14,405 - INFO -   Total parameters: 108,232,596
2025-09-21 18:09:14,405 - INFO -   Trainable parameters: 108,232,596
2025-09-21 18:09:14,406 - INFO - Preparing conversational trust dataset...
2025-09-21 18:09:16,085 - INFO - Loading 3909 conversation files
2025-09-21 18:09:16,880 - INFO - Loaded 26329 turns from 3909 conversations
2025-09-21 18:09:16,888 - INFO - Loaded 26329 total turns, 12569 agent turns with trust scores
2025-09-21 18:09:26,356 - INFO - Encoders and scalers fitted
2025-09-21 18:09:26,357 - INFO - Emotions: 7
2025-09-21 18:09:26,357 - INFO - Scenarios: 35
2025-09-21 18:09:26,357 - INFO - Models: 23
2025-09-21 18:09:26,363 - INFO - Dataset created with 3127 valid conversations
2025-09-21 18:09:26,363 - INFO - Dataset created with 782 valid conversations
2025-09-21 18:09:26,364 - INFO - Created dataloaders: Train=3127, Val=782
2025-09-21 18:09:26,377 - INFO - Processor saved to contrust_results\contrust_processor.pkl
2025-09-21 18:09:26,377 - INFO - Data prepared: 3127 train, 782 val
2025-09-21 18:09:26,377 - INFO - Analyzing dataset characteristics...
2025-09-21 18:09:27,181 - INFO - Dataset analysis complete
2025-09-21 18:09:27,183 - INFO -   Trust scores: 5.28 ± 1.52
2025-09-21 18:09:27,183 - INFO -   Avg conversation length: 6.6
2025-09-21 18:09:27,184 - INFO - Training ConTrust model for 2 epochs...
2025-09-21 18:09:27,185 - INFO - Epoch 1/2
2025-09-21 18:09:30,781 - ERROR - Experiment failed: The size of tensor a (3) must match the size of tensor b (6) at non-singleton dimension 1
2025-09-21 18:10:56,013 - INFO - Using device: cpu
2025-09-21 18:10:56,013 - INFO - Starting ConTrust Experiment
2025-09-21 18:10:56,013 - INFO - ================================================================================
2025-09-21 18:10:56,013 - INFO - Configuration: {
  "text_model": "distilbert-base-uncased",
  "d_model": 768,
  "n_heads": 12,
  "n_layers": 6,
  "temporal_dim": 4,
  "behavioral_dim": 8,
  "bert_lr": 2e-05,
  "lr": 0.001,
  "weight_decay": 0.01,
  "patience": 10,
  "max_seq_length": 512,
  "max_conversation_length": 50,
  "batch_size": 2
}
2025-09-21 18:10:56,014 - INFO - ================================================================================
2025-09-21 18:10:56,014 - INFO - Initializing ConTrust model...
2025-09-21 18:10:56,613 - INFO - Model initialized
2025-09-21 18:10:56,613 - INFO -   Total parameters: 108,232,596
2025-09-21 18:10:56,614 - INFO -   Trainable parameters: 108,232,596
2025-09-21 18:10:56,616 - INFO - Preparing conversational trust dataset...
2025-09-21 18:10:58,865 - INFO - Loading 3909 conversation files
2025-09-21 18:11:00,245 - INFO - Loaded 26329 turns from 3909 conversations
2025-09-21 18:11:00,255 - INFO - Loaded 26329 total turns, 12569 agent turns with trust scores
2025-09-21 18:11:09,168 - INFO - Encoders and scalers fitted
2025-09-21 18:11:09,169 - INFO - Emotions: 7
2025-09-21 18:11:09,169 - INFO - Scenarios: 35
2025-09-21 18:11:09,169 - INFO - Models: 23
2025-09-21 18:11:09,175 - INFO - Dataset created with 3127 valid conversations
2025-09-21 18:11:09,176 - INFO - Dataset created with 782 valid conversations
2025-09-21 18:11:09,177 - INFO - Created dataloaders: Train=3127, Val=782
2025-09-21 18:11:09,188 - INFO - Processor saved to contrust_results\contrust_processor.pkl
2025-09-21 18:11:09,189 - INFO - Data prepared: 3127 train, 782 val
2025-09-21 18:11:09,189 - INFO - Analyzing dataset characteristics...
2025-09-21 18:11:09,952 - INFO - Dataset analysis complete
2025-09-21 18:11:09,952 - INFO -   Trust scores: 4.60 ± 1.98
2025-09-21 18:11:09,952 - INFO -   Avg conversation length: 6.5
2025-09-21 18:11:09,952 - INFO - Training ConTrust model for 1 epochs...
2025-09-21 18:11:09,952 - INFO - Epoch 1/1
2025-09-21 18:11:19,868 - ERROR - Experiment failed: The size of tensor a (3) must match the size of tensor b (6) at non-singleton dimension 1
2025-09-21 18:15:37,414 - INFO - Using device: cpu
2025-09-21 18:15:37,414 - INFO - Starting ConTrust Experiment
2025-09-21 18:15:37,414 - INFO - ================================================================================
2025-09-21 18:15:37,414 - INFO - Configuration: {
  "text_model": "distilbert-base-uncased",
  "d_model": 768,
  "n_heads": 12,
  "n_layers": 6,
  "temporal_dim": 4,
  "behavioral_dim": 8,
  "bert_lr": 2e-05,
  "lr": 0.001,
  "weight_decay": 0.01,
  "patience": 10,
  "max_seq_length": 512,
  "max_conversation_length": 50,
  "batch_size": 2
}
2025-09-21 18:15:37,414 - INFO - ================================================================================
2025-09-21 18:15:37,414 - INFO - Initializing ConTrust model...
2025-09-21 18:15:38,054 - INFO - Model initialized
2025-09-21 18:15:38,054 - INFO -   Total parameters: 108,232,596
2025-09-21 18:15:38,055 - INFO -   Trainable parameters: 108,232,596
2025-09-21 18:15:38,055 - INFO - Preparing conversational trust dataset...
2025-09-21 18:15:39,939 - INFO - Loading 3909 conversation files
2025-09-21 18:15:40,633 - INFO - Loaded 26329 turns from 3909 conversations
2025-09-21 18:15:40,642 - INFO - Loaded 26329 total turns, 12569 agent turns with trust scores
2025-09-21 18:15:49,487 - INFO - Encoders and scalers fitted
2025-09-21 18:15:49,488 - INFO - Emotions: 7
2025-09-21 18:15:49,488 - INFO - Scenarios: 35
2025-09-21 18:15:49,488 - INFO - Models: 23
2025-09-21 18:15:49,494 - INFO - Dataset created with 3127 valid conversations
2025-09-21 18:15:49,495 - INFO - Dataset created with 782 valid conversations
2025-09-21 18:15:49,495 - INFO - Created dataloaders: Train=3127, Val=782
2025-09-21 18:15:49,506 - INFO - Processor saved to contrust_results\contrust_processor.pkl
2025-09-21 18:15:49,506 - INFO - Data prepared: 3127 train, 782 val
2025-09-21 18:15:49,508 - INFO - Analyzing dataset characteristics...
2025-09-21 18:15:50,302 - INFO - Dataset analysis complete
2025-09-21 18:15:50,302 - INFO -   Trust scores: 4.82 ± 1.80
2025-09-21 18:15:50,302 - INFO -   Avg conversation length: 6.6
2025-09-21 18:15:50,303 - INFO - Training ConTrust model for 2 epochs...
2025-09-21 18:15:50,303 - INFO - Epoch 1/2
2025-09-21 18:15:59,832 - ERROR - Experiment failed: The size of tensor a (9) must match the size of tensor b (4) at non-singleton dimension 1
2025-09-21 18:18:39,385 - INFO - Using device: cpu
2025-09-21 18:18:39,385 - INFO - Starting ConTrust Experiment
2025-09-21 18:18:39,385 - INFO - ================================================================================
2025-09-21 18:18:39,385 - INFO - Configuration: {
  "text_model": "distilbert-base-uncased",
  "d_model": 768,
  "n_heads": 12,
  "n_layers": 6,
  "temporal_dim": 4,
  "behavioral_dim": 8,
  "bert_lr": 2e-05,
  "lr": 0.001,
  "weight_decay": 0.01,
  "patience": 10,
  "max_seq_length": 512,
  "max_conversation_length": 50,
  "batch_size": 2
}
2025-09-21 18:18:39,385 - INFO - ================================================================================
2025-09-21 18:18:39,385 - INFO - Initializing ConTrust model...
2025-09-21 18:18:40,138 - INFO - Model initialized
2025-09-21 18:18:40,139 - INFO -   Total parameters: 108,232,596
2025-09-21 18:18:40,139 - INFO -   Trainable parameters: 108,232,596
2025-09-21 18:18:40,140 - INFO - Preparing conversational trust dataset...
2025-09-21 18:18:42,512 - INFO - Loading 3909 conversation files
2025-09-21 18:18:43,916 - INFO - Loaded 26329 turns from 3909 conversations
2025-09-21 18:18:43,926 - INFO - Loaded 26329 total turns, 12569 agent turns with trust scores
2025-09-21 18:18:52,953 - INFO - Encoders and scalers fitted
2025-09-21 18:18:52,954 - INFO - Emotions: 7
2025-09-21 18:18:52,954 - INFO - Scenarios: 35
2025-09-21 18:18:52,954 - INFO - Models: 23
2025-09-21 18:18:52,960 - INFO - Dataset created with 3127 valid conversations
2025-09-21 18:18:52,960 - INFO - Dataset created with 782 valid conversations
2025-09-21 18:18:52,962 - INFO - Created dataloaders: Train=3127, Val=782
2025-09-21 18:18:52,973 - INFO - Processor saved to contrust_results\contrust_processor.pkl
2025-09-21 18:18:52,973 - INFO - Data prepared: 3127 train, 782 val
2025-09-21 18:18:52,973 - INFO - Analyzing dataset characteristics...
2025-09-21 18:18:53,776 - INFO - Dataset analysis complete
2025-09-21 18:18:53,777 - INFO -   Trust scores: 4.22 ± 1.85
2025-09-21 18:18:53,777 - INFO -   Avg conversation length: 7.4
2025-09-21 18:18:53,777 - INFO - Training ConTrust model for 2 epochs...
2025-09-21 18:18:53,777 - INFO - Epoch 1/2
2025-09-21 18:18:58,462 - WARNING - Skipping evolution loss due to shape mismatch: pred torch.Size([2, 6]), target torch.Size([2, 3])
2025-09-21 18:19:03,667 - ERROR - Experiment failed: a Tensor with 4 elements cannot be converted to Scalar
2025-09-21 18:19:53,855 - INFO - Using device: cpu
2025-09-21 18:19:53,855 - INFO - Starting ConTrust Experiment
2025-09-21 18:19:53,855 - INFO - ================================================================================
2025-09-21 18:19:53,855 - INFO - Configuration: {
  "text_model": "distilbert-base-uncased",
  "d_model": 768,
  "n_heads": 12,
  "n_layers": 6,
  "temporal_dim": 4,
  "behavioral_dim": 8,
  "bert_lr": 2e-05,
  "lr": 0.001,
  "weight_decay": 0.01,
  "patience": 10,
  "max_seq_length": 512,
  "max_conversation_length": 50,
  "batch_size": 2
}
2025-09-21 18:19:53,855 - INFO - ================================================================================
2025-09-21 18:19:53,855 - INFO - Initializing ConTrust model...
2025-09-21 18:19:54,448 - INFO - Model initialized
2025-09-21 18:19:54,448 - INFO -   Total parameters: 108,232,596
2025-09-21 18:19:54,448 - INFO -   Trainable parameters: 108,232,596
2025-09-21 18:19:54,448 - INFO - Preparing conversational trust dataset...
2025-09-21 18:19:55,970 - INFO - Loading 3909 conversation files
2025-09-21 18:19:56,691 - INFO - Loaded 26329 turns from 3909 conversations
2025-09-21 18:19:56,699 - INFO - Loaded 26329 total turns, 12569 agent turns with trust scores
2025-09-21 18:20:05,691 - INFO - Encoders and scalers fitted
2025-09-21 18:20:05,691 - INFO - Emotions: 7
2025-09-21 18:20:05,693 - INFO - Scenarios: 35
2025-09-21 18:20:05,693 - INFO - Models: 23
2025-09-21 18:20:05,697 - INFO - Dataset created with 3127 valid conversations
2025-09-21 18:20:05,698 - INFO - Dataset created with 782 valid conversations
2025-09-21 18:20:05,699 - INFO - Created dataloaders: Train=3127, Val=782
2025-09-21 18:20:05,709 - INFO - Processor saved to contrust_results\contrust_processor.pkl
2025-09-21 18:20:05,709 - INFO - Data prepared: 3127 train, 782 val
2025-09-21 18:20:05,709 - INFO - Analyzing dataset characteristics...
2025-09-21 18:20:06,402 - INFO - Dataset analysis complete
2025-09-21 18:20:06,402 - INFO -   Trust scores: 4.60 ± 1.37
2025-09-21 18:20:06,402 - INFO -   Avg conversation length: 6.5
2025-09-21 18:20:06,402 - INFO - Training ConTrust model for 1 epochs...
2025-09-21 18:20:06,402 - INFO - Epoch 1/1
2025-09-21 18:20:12,620 - WARNING - Skipping evolution loss due to shape mismatch: pred torch.Size([2, 8]), target torch.Size([2, 4])
2025-09-21 18:20:19,659 - ERROR - Experiment failed: a Tensor with 4 elements cannot be converted to Scalar
2025-09-21 18:21:55,631 - INFO - Using device: cpu
2025-09-21 18:21:55,631 - INFO - Starting ConTrust Experiment
2025-09-21 18:21:55,631 - INFO - ================================================================================
2025-09-21 18:21:55,632 - INFO - Configuration: {
  "text_model": "distilbert-base-uncased",
  "d_model": 768,
  "n_heads": 12,
  "n_layers": 6,
  "temporal_dim": 4,
  "behavioral_dim": 8,
  "bert_lr": 2e-05,
  "lr": 0.001,
  "weight_decay": 0.01,
  "patience": 10,
  "max_seq_length": 512,
  "max_conversation_length": 50,
  "batch_size": 2
}
2025-09-21 18:21:55,632 - INFO - ================================================================================
2025-09-21 18:21:55,632 - INFO - Initializing ConTrust model...
2025-09-21 18:21:56,241 - INFO - Model initialized
2025-09-21 18:21:56,241 - INFO -   Total parameters: 108,232,596
2025-09-21 18:21:56,241 - INFO -   Trainable parameters: 108,232,596
2025-09-21 18:21:56,243 - INFO - Preparing conversational trust dataset...
2025-09-21 18:21:58,068 - INFO - Loading 3909 conversation files
2025-09-21 18:21:59,402 - INFO - Loaded 26329 turns from 3909 conversations
2025-09-21 18:21:59,413 - INFO - Loaded 26329 total turns, 12569 agent turns with trust scores
2025-09-21 18:22:08,117 - INFO - Encoders and scalers fitted
2025-09-21 18:22:08,117 - INFO - Emotions: 7
2025-09-21 18:22:08,117 - INFO - Scenarios: 35
2025-09-21 18:22:08,117 - INFO - Models: 23
2025-09-21 18:22:08,122 - INFO - Dataset created with 3127 valid conversations
2025-09-21 18:22:08,123 - INFO - Dataset created with 782 valid conversations
2025-09-21 18:22:08,123 - INFO - Created dataloaders: Train=3127, Val=782
2025-09-21 18:22:08,133 - INFO - Processor saved to contrust_results\contrust_processor.pkl
2025-09-21 18:22:08,135 - INFO - Data prepared: 3127 train, 782 val
2025-09-21 18:22:08,135 - INFO - Analyzing dataset characteristics...
2025-09-21 18:22:08,904 - INFO - Dataset analysis complete
2025-09-21 18:22:08,905 - INFO -   Trust scores: 3.62 ± 2.32
2025-09-21 18:22:08,905 - INFO -   Avg conversation length: 6.2
2025-09-21 18:22:08,906 - INFO - Training ConTrust model for 2 epochs...
2025-09-21 18:22:08,907 - INFO - Epoch 1/2
2025-09-21 18:22:14,239 - WARNING - Skipping evolution loss due to shape mismatch: pred torch.Size([2, 6]), target torch.Size([2, 3])
2025-09-21 18:22:30,327 - WARNING - Skipping evolution loss due to shape mismatch: pred torch.Size([2, 9]), target torch.Size([2, 4])
2025-09-21 18:22:42,833 - WARNING - Skipping evolution loss due to shape mismatch: pred torch.Size([2, 7]), target torch.Size([2, 3])
2025-09-21 18:22:53,285 - WARNING - Skipping evolution loss due to shape mismatch: pred torch.Size([2, 7]), target torch.Size([2, 3])
2025-09-21 18:23:06,660 - WARNING - Skipping evolution loss due to shape mismatch: pred torch.Size([2, 10]), target torch.Size([2, 5])
2025-09-21 18:23:19,430 - WARNING - Skipping evolution loss due to shape mismatch: pred torch.Size([2, 7]), target torch.Size([2, 3])
2025-09-21 18:23:30,172 - WARNING - Skipping evolution loss due to shape mismatch: pred torch.Size([2, 8]), target torch.Size([2, 4])
2025-09-21 18:23:41,167 - WARNING - Skipping evolution loss due to shape mismatch: pred torch.Size([2, 7]), target torch.Size([2, 3])
2025-09-21 18:23:50,992 - WARNING - Skipping evolution loss due to shape mismatch: pred torch.Size([2, 6]), target torch.Size([2, 3])
2025-09-21 18:23:59,921 - WARNING - Skipping evolution loss due to shape mismatch: pred torch.Size([2, 6]), target torch.Size([2, 3])
2025-09-21 18:24:12,600 - WARNING - Skipping evolution loss due to shape mismatch: pred torch.Size([2, 10]), target torch.Size([2, 5])
2025-09-21 18:24:26,307 - WARNING - Skipping evolution loss due to shape mismatch: pred torch.Size([2, 7]), target torch.Size([2, 3])
2025-09-21 18:24:37,214 - WARNING - Skipping evolution loss due to shape mismatch: pred torch.Size([2, 7]), target torch.Size([2, 3])
2025-09-21 18:24:47,883 - WARNING - Skipping evolution loss due to shape mismatch: pred torch.Size([2, 7]), target torch.Size([2, 3])
2025-09-21 18:24:57,996 - WARNING - Skipping evolution loss due to shape mismatch: pred torch.Size([2, 6]), target torch.Size([2, 3])
2025-09-21 18:25:06,219 - WARNING - Skipping evolution loss due to shape mismatch: pred torch.Size([2, 5]), target torch.Size([2, 2])
2025-09-21 18:25:15,247 - WARNING - Skipping evolution loss due to shape mismatch: pred torch.Size([2, 6]), target torch.Size([2, 3])
2025-09-21 18:25:26,109 - WARNING - Skipping evolution loss due to shape mismatch: pred torch.Size([2, 6]), target torch.Size([2, 3])
2025-09-21 18:25:42,035 - WARNING - Skipping evolution loss due to shape mismatch: pred torch.Size([2, 10]), target torch.Size([2, 5])
2025-09-21 18:25:59,809 - WARNING - Skipping evolution loss due to shape mismatch: pred torch.Size([2, 9]), target torch.Size([2, 4])
2025-09-21 18:26:14,236 - WARNING - Skipping evolution loss due to shape mismatch: pred torch.Size([2, 8]), target torch.Size([2, 4])
2025-09-21 18:26:27,285 - WARNING - Skipping evolution loss due to shape mismatch: pred torch.Size([2, 8]), target torch.Size([2, 4])
2025-09-21 18:26:39,100 - WARNING - Skipping evolution loss due to shape mismatch: pred torch.Size([2, 7]), target torch.Size([2, 3])
2025-09-21 18:26:49,343 - WARNING - Skipping evolution loss due to shape mismatch: pred torch.Size([2, 6]), target torch.Size([2, 3])
2025-09-21 18:27:01,134 - WARNING - Skipping evolution loss due to shape mismatch: pred torch.Size([2, 8]), target torch.Size([2, 4])
2025-09-21 18:27:10,384 - WARNING - Skipping evolution loss due to shape mismatch: pred torch.Size([2, 4]), target torch.Size([2, 2])
2025-09-21 18:27:21,182 - WARNING - Skipping evolution loss due to shape mismatch: pred torch.Size([2, 9]), target torch.Size([2, 4])
2025-09-21 18:27:36,595 - WARNING - Skipping evolution loss due to shape mismatch: pred torch.Size([2, 8]), target torch.Size([2, 4])
2025-09-21 18:27:45,961 - WARNING - Skipping evolution loss due to shape mismatch: pred torch.Size([2, 4]), target torch.Size([2, 2])
2025-09-21 18:27:54,482 - WARNING - Skipping evolution loss due to shape mismatch: pred torch.Size([2, 7]), target torch.Size([2, 3])
2025-09-21 18:28:09,669 - WARNING - Skipping evolution loss due to shape mismatch: pred torch.Size([2, 10]), target torch.Size([2, 5])
2025-09-21 18:28:28,083 - WARNING - Skipping evolution loss due to shape mismatch: pred torch.Size([2, 6]), target torch.Size([2, 3])
2025-09-21 18:28:38,623 - WARNING - Skipping evolution loss due to shape mismatch: pred torch.Size([2, 6]), target torch.Size([2, 3])
2025-09-21 18:28:48,271 - WARNING - Skipping evolution loss due to shape mismatch: pred torch.Size([2, 6]), target torch.Size([2, 3])
2025-09-21 18:29:04,083 - WARNING - Skipping evolution loss due to shape mismatch: pred torch.Size([2, 9]), target torch.Size([2, 4])
2025-09-21 18:29:21,930 - WARNING - Skipping evolution loss due to shape mismatch: pred torch.Size([2, 10]), target torch.Size([2, 5])
2025-09-21 18:29:38,693 - WARNING - Skipping evolution loss due to shape mismatch: pred torch.Size([2, 9]), target torch.Size([2, 4])
2025-09-21 18:29:52,323 - INFO - Using device: cpu
2025-09-21 18:29:52,323 - INFO - Starting ConTrust Experiment
2025-09-21 18:29:52,324 - INFO - ================================================================================
2025-09-21 18:29:52,324 - INFO - Configuration: {
  "text_model": "distilbert-base-uncased",
  "d_model": 768,
  "n_heads": 12,
  "n_layers": 6,
  "temporal_dim": 4,
  "behavioral_dim": 8,
  "bert_lr": 2e-05,
  "lr": 0.001,
  "weight_decay": 0.01,
  "patience": 10,
  "max_seq_length": 512,
  "max_conversation_length": 50,
  "batch_size": 2
}
2025-09-21 18:29:52,324 - INFO - ================================================================================
2025-09-21 18:29:52,324 - INFO - Initializing ConTrust model...
2025-09-21 18:29:53,186 - INFO - Model initialized
2025-09-21 18:29:53,186 - INFO -   Total parameters: 108,232,596
2025-09-21 18:29:53,187 - INFO -   Trainable parameters: 108,232,596
2025-09-21 18:29:53,190 - INFO - Preparing conversational trust dataset...
2025-09-21 18:29:54,351 - WARNING - Skipping evolution loss due to shape mismatch: pred torch.Size([2, 9]), target torch.Size([2, 4])
2025-09-21 18:29:57,846 - INFO - Loading 3909 conversation files
2025-09-21 18:30:01,977 - INFO - Loaded 26329 turns from 3909 conversations
2025-09-21 18:30:02,000 - INFO - Loaded 26329 total turns, 12569 agent turns with trust scores
2025-09-21 18:30:07,274 - WARNING - Skipping evolution loss due to shape mismatch: pred torch.Size([2, 6]), target torch.Size([2, 3])
2025-09-21 18:30:17,230 - WARNING - Skipping evolution loss due to shape mismatch: pred torch.Size([2, 6]), target torch.Size([2, 3])
2025-09-21 18:30:18,399 - INFO - Encoders and scalers fitted
2025-09-21 18:30:18,400 - INFO - Emotions: 7
2025-09-21 18:30:18,401 - INFO - Scenarios: 35
2025-09-21 18:30:18,401 - INFO - Models: 23
2025-09-21 18:30:18,408 - INFO - Dataset created with 3127 valid conversations
2025-09-21 18:30:18,410 - INFO - Dataset created with 782 valid conversations
2025-09-21 18:30:18,410 - INFO - Created dataloaders: Train=3127, Val=782
2025-09-21 18:30:18,437 - INFO - Processor saved to contrust_results\contrust_processor.pkl
2025-09-21 18:30:18,437 - INFO - Data prepared: 3127 train, 782 val
2025-09-21 18:30:18,437 - INFO - Analyzing dataset characteristics...
2025-09-21 18:30:20,154 - INFO - Dataset analysis complete
2025-09-21 18:30:20,154 - INFO -   Trust scores: 4.07 ± 1.68
2025-09-21 18:30:20,156 - INFO -   Avg conversation length: 6.0
2025-09-21 18:30:20,156 - INFO - Training ConTrust model for 1 epochs...
2025-09-21 18:30:20,156 - INFO - Epoch 1/1
2025-09-21 18:30:31,595 - WARNING - Skipping evolution loss due to shape mismatch: pred torch.Size([2, 5]), target torch.Size([2, 2])
2025-09-21 18:33:51,565 - INFO - Using device: cpu
2025-09-21 18:33:51,565 - INFO - Starting ConTrust Experiment
2025-09-21 18:33:51,565 - INFO - ================================================================================
2025-09-21 18:33:51,565 - INFO - Configuration: {
  "text_model": "distilbert-base-uncased",
  "d_model": 768,
  "n_heads": 12,
  "n_layers": 6,
  "temporal_dim": 4,
  "behavioral_dim": 8,
  "bert_lr": 2e-05,
  "lr": 0.001,
  "weight_decay": 0.01,
  "patience": 10,
  "max_seq_length": 512,
  "max_conversation_length": 50,
  "batch_size": 2
}
2025-09-21 18:33:51,565 - INFO - ================================================================================
2025-09-21 18:33:51,565 - INFO - Initializing ConTrust model...
2025-09-21 18:33:52,129 - INFO - Model initialized
2025-09-21 18:33:52,130 - INFO -   Total parameters: 108,232,596
2025-09-21 18:33:52,130 - INFO -   Trainable parameters: 108,232,596
2025-09-21 18:33:52,130 - INFO - Preparing conversational trust dataset...
2025-09-21 18:33:53,771 - INFO - Loading 3909 conversation files
2025-09-21 18:33:54,626 - INFO - Loaded 26329 turns from 3909 conversations
2025-09-21 18:33:54,634 - INFO - Loaded 26329 total turns, 12569 agent turns with trust scores
2025-09-21 18:34:03,703 - INFO - Encoders and scalers fitted
2025-09-21 18:34:03,704 - INFO - Emotions: 7
2025-09-21 18:34:03,704 - INFO - Scenarios: 35
2025-09-21 18:34:03,704 - INFO - Models: 23
2025-09-21 18:34:03,709 - INFO - Dataset created with 3127 valid conversations
2025-09-21 18:34:03,710 - INFO - Dataset created with 782 valid conversations
2025-09-21 18:34:03,710 - INFO - Created dataloaders: Train=3127, Val=782
2025-09-21 18:34:03,724 - INFO - Processor saved to contrust_results\contrust_processor.pkl
2025-09-21 18:34:03,725 - INFO - Data prepared: 3127 train, 782 val
2025-09-21 18:34:03,725 - INFO - Analyzing dataset characteristics...
2025-09-21 18:34:04,553 - INFO - Dataset analysis complete
2025-09-21 18:34:04,555 - INFO -   Trust scores: 4.38 ± 2.11
2025-09-21 18:34:04,555 - INFO -   Avg conversation length: 6.5
2025-09-21 18:34:04,556 - INFO - Training ConTrust model for 1 epochs...
2025-09-21 18:34:04,558 - INFO - Epoch 1/1
